<!DOCTYPE html PUBLIC "-//W3C//DTD XHTML 1.1//EN" "https://www.w3.org/TR/xhtml11/DTD/xhtml11.dtd">
<html xmlns="https://www.w3.org/1999/xhtml">
<head>
<meta http-equiv="content-type" content="text/html; charset=UTF-8"/>
<title>TestNG Report</title>
<style type="text/css">table {margin-bottom:10px;border-collapse:collapse;empty-cells:show}th,td {border:1px solid #009;padding:.25em .5em}th {vertical-align:bottom}td {vertical-align:top}table a {font-weight:bold}.stripe td {background-color: #E6EBF9}.num {text-align:right}.passedodd td {background-color: #3F3}.passedeven td {background-color: #0A0}.skippedodd td {background-color: #DDD}.skippedeven td {background-color: #CCC}.failedodd td,.attn {background-color: #F33}.failedeven td,.stripe .attn {background-color: #D00}.stacktrace {white-space:pre;font-family:monospace}.totop {font-size:85%;text-align:center;border-bottom:2px solid #000}.invisible {display:none}</style>
</head>
<body>
<table>
<tr><th>Test</th><th># Passed</th><th># Skipped</th><th># Retried</th><th># Failed</th><th>Time (ms)</th><th>Included Groups</th><th>Excluded Groups</th></tr>
<tr><th colspan="8">Possitive Case Functional Test</th></tr>
<tr><td><a href="#t0">1.HeroKu App Test with Chrome Browser</a></td><td class="num">4</td><td class="num">0</td><td class="num attn">2</td><td class="num attn">1</td><td class="num">26,876</td><td>First Set, Fourth</td><td>Second Set, Third Set</td></tr>
</table>
<table id='summary'><thead><tr><th>Class</th><th>Method</th><th>Start</th><th>Time (ms)</th></tr></thead><tbody><tr><th colspan="4">Possitive Case Functional Test</th></tr></tbody><tbody id="t0"><tr><th colspan="4">1.HeroKu App Test with Chrome Browser &#8212; failed</th></tr><tr class="failedeven"><td rowspan="1">org.herokuapp.com.tests.OrangeHRMPageTest</td><td><a href="#m0">logincheck</a></td><td rowspan="1">1729789820404</td><td rowspan="1">3</td></tr><tr><th colspan="4">1.HeroKu App Test with Chrome Browser &#8212; retried</th></tr><tr class="retriedeven"><td rowspan="2">org.herokuapp.com.tests.OrangeHRMPageTest</td><td><a href="#m1">logincheck</a></td><td rowspan="2">1729789820325</td><td rowspan="2">6</td></tr><tr class="retriedeven"><td><a href="#m2">logincheck</a></td></tr><tr><th colspan="4">1.HeroKu App Test with Chrome Browser &#8212; passed</th></tr><tr class="passedeven"><td rowspan="4">org.herokuapp.com.tests.HerokuAppPageTest</td><td><a href="#m3">addandRemoveElements</a></td><td rowspan="1">1729789799985</td><td rowspan="1">2146</td></tr><tr class="passedeven"><td><a href="#m4">basicAuthTest</a></td><td rowspan="1">1729789802454</td><td rowspan="1">877</td></tr><tr class="passedeven"><td><a href="#m5">brokenImagesTest</a></td><td rowspan="1">1729789803675</td><td rowspan="1">12585</td></tr><tr class="passedeven"><td><a href="#m6">checkBoxTest</a></td><td rowspan="1">1729789817051</td><td rowspan="1">911</td></tr></tbody>
</table>
<h2>1.HeroKu App Test with Chrome Browser</h2><h3 id="m0">org.herokuapp.com.tests.OrangeHRMPageTest#logincheck</h3><table class="result"><tr class="param"><th>Parameter #1</th><th>Parameter #2</th></tr><tr class="param stripe"><td>Admin</td><td>admin123</td></tr><tr><th colspan="2">Exception</th></tr><tr><td colspan="2"><div class="stacktrace">java.lang.NullPointerException: Cannot invoke &quot;org.herokuapp.com.pages.OrangeHRMPage.appLogin(String, String)&quot; because &quot;org.herokuapp.com.tests.OrangeHRMPageTest.Orgpage&quot; is null
	at org.herokuapp.com.tests.OrangeHRMPageTest.logincheck(OrangeHRMPageTest.java:63)
	at java.base/java.util.ArrayList.forEach(ArrayList.java:1596)
... Removed 25 stack frames</div></td></tr></table><p class="totop"><a href="#summary">back to summary</a></p>
<h3 id="m1">org.herokuapp.com.tests.OrangeHRMPageTest#logincheck</h3><table class="result"><tr class="param"><th>Parameter #1</th><th>Parameter #2</th></tr><tr class="param stripe"><td>Admin</td><td>admin123</td></tr><tr><th colspan="2">Exception</th></tr><tr><td colspan="2"><div class="stacktrace">java.lang.NullPointerException: Cannot invoke &quot;org.herokuapp.com.pages.OrangeHRMPage.appLogin(String, String)&quot; because &quot;org.herokuapp.com.tests.OrangeHRMPageTest.Orgpage&quot; is null
	at org.herokuapp.com.tests.OrangeHRMPageTest.logincheck(OrangeHRMPageTest.java:63)
	at java.base/java.util.ArrayList.forEach(ArrayList.java:1596)
... Removed 25 stack frames</div></td></tr></table><p class="totop"><a href="#summary">back to summary</a></p>
<h3 id="m2">org.herokuapp.com.tests.OrangeHRMPageTest#logincheck</h3><table class="result"><tr class="param"><th>Parameter #1</th><th>Parameter #2</th></tr><tr class="param stripe"><td>Admin</td><td>admin123</td></tr><tr><th colspan="2">Exception</th></tr><tr><td colspan="2"><div class="stacktrace">java.lang.NullPointerException: Cannot invoke &quot;org.herokuapp.com.pages.OrangeHRMPage.appLogin(String, String)&quot; because &quot;org.herokuapp.com.tests.OrangeHRMPageTest.Orgpage&quot; is null
	at org.herokuapp.com.tests.OrangeHRMPageTest.logincheck(OrangeHRMPageTest.java:63)
	at java.base/java.util.ArrayList.forEach(ArrayList.java:1596)
... Removed 25 stack frames</div></td></tr></table><p class="totop"><a href="#summary">back to summary</a></p>
<h3 id="m3">org.herokuapp.com.tests.HerokuAppPageTest#addandRemoveElements</h3><table class="result"><tr><th class="invisible"/></tr></table><p class="totop"><a href="#summary">back to summary</a></p>
<h3 id="m4">org.herokuapp.com.tests.HerokuAppPageTest#basicAuthTest</h3><table class="result"><tr><th class="invisible"/></tr></table><p class="totop"><a href="#summary">back to summary</a></p>
<h3 id="m5">org.herokuapp.com.tests.HerokuAppPageTest#brokenImagesTest</h3><table class="result"><tr><th class="invisible"/></tr></table><p class="totop"><a href="#summary">back to summary</a></p>
<h3 id="m6">org.herokuapp.com.tests.HerokuAppPageTest#checkBoxTest</h3><table class="result"><tr><th class="invisible"/></tr></table><p class="totop"><a href="#summary">back to summary</a></p>
</body>
</html>
