<?xml version="1.0" encoding="UTF-8"?>
<testng-results retried="2" ignored="17" total="24" passed="4" failed="1" skipped="0">
  <reporter-output>
  </reporter-output>
  <suite started-at="2024-10-24T22:39:54 IST" name="Possitive Case Functional Test" finished-at="2024-10-24T22:40:21 IST" duration-ms="26876">
    <groups>
      <group name="First Set">
        <method signature="HerokuAppPageTest.addandRemoveElements()[pri:0, instance:org.herokuapp.com.tests.HerokuAppPageTest@45752059]" name="addandRemoveElements" class="org.herokuapp.com.tests.HerokuAppPageTest"/>
        <method signature="HerokuAppPageTest.basicAuthTest()[pri:1, instance:org.herokuapp.com.tests.HerokuAppPageTest@45752059]" name="basicAuthTest" class="org.herokuapp.com.tests.HerokuAppPageTest"/>
        <method signature="HerokuAppPageTest.brokenImagesTest()[pri:2, instance:org.herokuapp.com.tests.HerokuAppPageTest@45752059]" name="brokenImagesTest" class="org.herokuapp.com.tests.HerokuAppPageTest"/>
        <method signature="HerokuAppPageTest.checkBoxTest()[pri:4, instance:org.herokuapp.com.tests.HerokuAppPageTest@45752059]" name="checkBoxTest" class="org.herokuapp.com.tests.HerokuAppPageTest"/>
      </group> <!-- First Set -->
      <group name="Fourth">
        <method signature="OrangeHRMPageTest.logincheck(java.lang.String,java.lang.String)[pri:0, instance:org.herokuapp.com.tests.OrangeHRMPageTest@3b69e7d1]" name="logincheck" class="org.herokuapp.com.tests.OrangeHRMPageTest"/>
      </group> <!-- Fourth -->
    </groups>
    <test started-at="2024-10-24T22:39:54 IST" name="1.HeroKu App Test with Chrome Browser" finished-at="2024-10-24T22:40:21 IST" duration-ms="26876">
      <class name="org.herokuapp.com.tests.HerokuAppPageTest">
        <test-method is-config="true" signature="globalSetup()[pri:0, instance:org.herokuapp.com.tests.HerokuAppPageTest@45752059]" started-at="2024-10-24T22:39:54 IST" name="globalSetup" finished-at="2024-10-24T22:39:54 IST" duration-ms="112" status="PASS">
          <reporter-output>
          </reporter-output>
        </test-method> <!-- globalSetup -->
        <test-method is-config="true" signature="beforeTest()[pri:0, instance:org.herokuapp.com.tests.HerokuAppPageTest@45752059]" started-at="2024-10-24T22:39:54 IST" name="beforeTest" finished-at="2024-10-24T22:39:54 IST" duration-ms="0" status="PASS">
          <reporter-output>
          </reporter-output>
        </test-method> <!-- beforeTest -->
        <test-method is-config="true" signature="setup(java.lang.String,java.lang.String)[pri:0, instance:org.herokuapp.com.tests.HerokuAppPageTest@45752059]" started-at="2024-10-24T22:39:54 IST" name="setup" finished-at="2024-10-24T22:39:56 IST" duration-ms="2092" status="PASS">
          <params>
            <param index="0">
              <value>
                <![CDATA[chrome]]>
              </value>
            </param>
            <param index="1">
              <value>
                <![CDATA[true]]>
              </value>
            </param>
          </params>
          <reporter-output>
          </reporter-output>
        </test-method> <!-- setup -->
        <test-method is-config="true" signature="beforeMethod()[pri:0, instance:org.herokuapp.com.tests.HerokuAppPageTest@45752059]" started-at="2024-10-24T22:39:56 IST" name="beforeMethod" finished-at="2024-10-24T22:39:59 IST" duration-ms="3263" status="PASS">
          <reporter-output>
          </reporter-output>
        </test-method> <!-- beforeMethod -->
        <test-method signature="addandRemoveElements()[pri:0, instance:org.herokuapp.com.tests.HerokuAppPageTest@45752059]" started-at="2024-10-24T22:39:59 IST" name="addandRemoveElements" description="To Automate Add/Remove Elements" finished-at="2024-10-24T22:40:02 IST" duration-ms="2146" status="PASS">
          <reporter-output>
          </reporter-output>
        </test-method> <!-- addandRemoveElements -->
        <test-method is-config="true" signature="afterMethod()[pri:0, instance:org.herokuapp.com.tests.HerokuAppPageTest@45752059]" started-at="2024-10-24T22:40:02 IST" name="afterMethod" finished-at="2024-10-24T22:40:02 IST" duration-ms="0" status="PASS">
          <reporter-output>
          </reporter-output>
        </test-method> <!-- afterMethod -->
        <test-method is-config="true" signature="beforeMethod()[pri:0, instance:org.herokuapp.com.tests.HerokuAppPageTest@45752059]" started-at="2024-10-24T22:40:02 IST" name="beforeMethod" finished-at="2024-10-24T22:40:02 IST" duration-ms="318" status="PASS">
          <reporter-output>
          </reporter-output>
        </test-method> <!-- beforeMethod -->
        <test-method signature="basicAuthTest()[pri:1, instance:org.herokuapp.com.tests.HerokuAppPageTest@45752059]" started-at="2024-10-24T22:40:02 IST" name="basicAuthTest" description="To Automate Basic Auth" finished-at="2024-10-24T22:40:03 IST" duration-ms="877" status="PASS">
          <reporter-output>
          </reporter-output>
        </test-method> <!-- basicAuthTest -->
        <test-method is-config="true" signature="beforeMethod()[pri:0, instance:org.herokuapp.com.tests.HerokuAppPageTest@45752059]" started-at="2024-10-24T22:40:03 IST" name="beforeMethod" finished-at="2024-10-24T22:40:03 IST" duration-ms="342" status="PASS">
          <reporter-output>
          </reporter-output>
        </test-method> <!-- beforeMethod -->
        <test-method is-config="true" signature="afterMethod()[pri:0, instance:org.herokuapp.com.tests.HerokuAppPageTest@45752059]" started-at="2024-10-24T22:40:03 IST" name="afterMethod" finished-at="2024-10-24T22:40:03 IST" duration-ms="0" status="PASS">
          <reporter-output>
          </reporter-output>
        </test-method> <!-- afterMethod -->
        <test-method signature="brokenImagesTest()[pri:2, instance:org.herokuapp.com.tests.HerokuAppPageTest@45752059]" started-at="2024-10-24T22:40:03 IST" name="brokenImagesTest" description="To Automate Broken Image" finished-at="2024-10-24T22:40:16 IST" duration-ms="12585" status="PASS">
          <reporter-output>
          </reporter-output>
        </test-method> <!-- brokenImagesTest -->
        <test-method is-config="true" signature="afterMethod()[pri:0, instance:org.herokuapp.com.tests.HerokuAppPageTest@45752059]" started-at="2024-10-24T22:40:16 IST" name="afterMethod" finished-at="2024-10-24T22:40:16 IST" duration-ms="0" status="PASS">
          <reporter-output>
          </reporter-output>
        </test-method> <!-- afterMethod -->
        <test-method is-config="true" signature="beforeMethod()[pri:0, instance:org.herokuapp.com.tests.HerokuAppPageTest@45752059]" started-at="2024-10-24T22:40:16 IST" name="beforeMethod" finished-at="2024-10-24T22:40:17 IST" duration-ms="787" status="PASS">
          <reporter-output>
          </reporter-output>
        </test-method> <!-- beforeMethod -->
        <test-method signature="checkBoxTest()[pri:4, instance:org.herokuapp.com.tests.HerokuAppPageTest@45752059]" started-at="2024-10-24T22:40:17 IST" name="checkBoxTest" description="To Automate Check Box" finished-at="2024-10-24T22:40:17 IST" duration-ms="911" status="PASS">
          <reporter-output>
          </reporter-output>
        </test-method> <!-- checkBoxTest -->
        <test-method is-config="true" signature="afterMethod()[pri:0, instance:org.herokuapp.com.tests.HerokuAppPageTest@45752059]" started-at="2024-10-24T22:40:17 IST" name="afterMethod" finished-at="2024-10-24T22:40:17 IST" duration-ms="0" status="PASS">
          <reporter-output>
          </reporter-output>
        </test-method> <!-- afterMethod -->
        <test-method is-config="true" signature="wrapUp()[pri:0, instance:org.herokuapp.com.tests.HerokuAppPageTest@45752059]" started-at="2024-10-24T22:40:17 IST" name="wrapUp" finished-at="2024-10-24T22:40:18 IST" duration-ms="1011" status="PASS">
          <reporter-output>
          </reporter-output>
        </test-method> <!-- wrapUp -->
        <test-method is-config="true" signature="afterTest()[pri:0, instance:org.herokuapp.com.tests.HerokuAppPageTest@45752059]" started-at="2024-10-24T22:40:21 IST" name="afterTest" finished-at="2024-10-24T22:40:21 IST" duration-ms="0" status="PASS">
          <reporter-output>
          </reporter-output>
        </test-method> <!-- afterTest -->
        <test-method is-config="true" signature="wrapAllUp()[pri:0, instance:org.herokuapp.com.tests.HerokuAppPageTest@45752059]" started-at="2024-10-24T22:40:21 IST" name="wrapAllUp" finished-at="2024-10-24T22:40:30 IST" duration-ms="8906" status="PASS">
          <reporter-output>
          </reporter-output>
        </test-method> <!-- wrapAllUp -->
      </class> <!-- org.herokuapp.com.tests.HerokuAppPageTest -->
      <class name="org.herokuapp.com.tests.OrangeHRMPageTest">
        <test-method is-config="true" signature="setup(java.lang.String,java.lang.String)[pri:0, instance:org.herokuapp.com.tests.OrangeHRMPageTest@3b69e7d1]" started-at="2024-10-24T22:40:18 IST" name="setup" finished-at="2024-10-24T22:40:20 IST" duration-ms="1128" status="PASS">
          <params>
            <param index="0">
              <value>
                <![CDATA[chrome]]>
              </value>
            </param>
            <param index="1">
              <value>
                <![CDATA[true]]>
              </value>
            </param>
          </params>
          <reporter-output>
          </reporter-output>
        </test-method> <!-- setup -->
        <test-method retried="true" signature="logincheck(java.lang.String,java.lang.String)[pri:0, instance:org.herokuapp.com.tests.OrangeHRMPageTest@3b69e7d1]" started-at="2024-10-24T22:40:20 IST" name="logincheck" data-provider="logindata" finished-at="2024-10-24T22:40:20 IST" duration-ms="4" status="SKIP">
          <params>
            <param index="0">
              <value>
                <![CDATA[Admin]]>
              </value>
            </param>
            <param index="1">
              <value>
                <![CDATA[admin123]]>
              </value>
            </param>
          </params>
          <exception class="java.lang.NullPointerException">
            <message>
              <![CDATA[Cannot invoke "org.herokuapp.com.pages.OrangeHRMPage.appLogin(String, String)" because "org.herokuapp.com.tests.OrangeHRMPageTest.Orgpage" is null]]>
            </message>
            <full-stacktrace>
              <![CDATA[java.lang.NullPointerException: Cannot invoke "org.herokuapp.com.pages.OrangeHRMPage.appLogin(String, String)" because "org.herokuapp.com.tests.OrangeHRMPageTest.Orgpage" is null
at org.herokuapp.com.tests.OrangeHRMPageTest.logincheck(OrangeHRMPageTest.java:63)
at java.base/jdk.internal.reflect.DirectMethodHandleAccessor.invoke(DirectMethodHandleAccessor.java:103)
at java.base/java.lang.reflect.Method.invoke(Method.java:580)
at org.testng.internal.MethodInvocationHelper.invokeMethod(MethodInvocationHelper.java:133)
at org.testng.internal.TestInvoker.invokeMethod(TestInvoker.java:598)
at org.testng.internal.TestInvoker.invokeTestMethod(TestInvoker.java:173)
at org.testng.internal.MethodRunner.runInSequence(MethodRunner.java:46)
at org.testng.internal.TestInvoker$MethodInvocationAgent.invoke(TestInvoker.java:824)
at org.testng.internal.TestInvoker.invokeTestMethods(TestInvoker.java:146)
at org.testng.internal.TestMethodWorker.invokeTestMethods(TestMethodWorker.java:146)
at org.testng.internal.TestMethodWorker.run(TestMethodWorker.java:128)
at java.base/java.util.ArrayList.forEach(ArrayList.java:1596)
at org.testng.TestRunner.privateRun(TestRunner.java:794)
at org.testng.TestRunner.run(TestRunner.java:596)
at org.testng.SuiteRunner.runTest(SuiteRunner.java:377)
at org.testng.SuiteRunner.runSequentially(SuiteRunner.java:371)
at org.testng.SuiteRunner.privateRun(SuiteRunner.java:332)
at org.testng.SuiteRunner.run(SuiteRunner.java:276)
at org.testng.SuiteRunnerWorker.runSuite(SuiteRunnerWorker.java:53)
at org.testng.SuiteRunnerWorker.run(SuiteRunnerWorker.java:96)
at org.testng.TestNG.runSuitesSequentially(TestNG.java:1212)
at org.testng.TestNG.runSuitesLocally(TestNG.java:1134)
at org.testng.TestNG.runSuites(TestNG.java:1063)
at org.testng.TestNG.run(TestNG.java:1031)
at org.testng.remote.AbstractRemoteTestNG.run(AbstractRemoteTestNG.java:115)
at org.testng.remote.RemoteTestNG.initAndRun(RemoteTestNG.java:293)
at org.testng.remote.RemoteTestNG.main(RemoteTestNG.java:91)
]]>
            </full-stacktrace>
          </exception> <!-- java.lang.NullPointerException -->
          <reporter-output>
          </reporter-output>
        </test-method> <!-- logincheck -->
        <test-method is-config="true" signature="afterMethod()[pri:0, instance:org.herokuapp.com.tests.OrangeHRMPageTest@3b69e7d1]" started-at="2024-10-24T22:40:20 IST" name="afterMethod" finished-at="2024-10-24T22:40:20 IST" duration-ms="0" status="PASS">
          <reporter-output>
          </reporter-output>
        </test-method> <!-- afterMethod -->
        <test-method retried="true" signature="logincheck(java.lang.String,java.lang.String)[pri:0, instance:org.herokuapp.com.tests.OrangeHRMPageTest@3b69e7d1]" started-at="2024-10-24T22:40:20 IST" name="logincheck" data-provider="logindata" finished-at="2024-10-24T22:40:20 IST" duration-ms="6" status="SKIP">
          <params>
            <param index="0">
              <value>
                <![CDATA[Admin]]>
              </value>
            </param>
            <param index="1">
              <value>
                <![CDATA[admin123]]>
              </value>
            </param>
          </params>
          <exception class="java.lang.NullPointerException">
            <message>
              <![CDATA[Cannot invoke "org.herokuapp.com.pages.OrangeHRMPage.appLogin(String, String)" because "org.herokuapp.com.tests.OrangeHRMPageTest.Orgpage" is null]]>
            </message>
            <full-stacktrace>
              <![CDATA[java.lang.NullPointerException: Cannot invoke "org.herokuapp.com.pages.OrangeHRMPage.appLogin(String, String)" because "org.herokuapp.com.tests.OrangeHRMPageTest.Orgpage" is null
at org.herokuapp.com.tests.OrangeHRMPageTest.logincheck(OrangeHRMPageTest.java:63)
at java.base/jdk.internal.reflect.DirectMethodHandleAccessor.invoke(DirectMethodHandleAccessor.java:103)
at java.base/java.lang.reflect.Method.invoke(Method.java:580)
at org.testng.internal.MethodInvocationHelper.invokeMethod(MethodInvocationHelper.java:133)
at org.testng.internal.TestInvoker.invokeMethod(TestInvoker.java:598)
at org.testng.internal.TestInvoker.retryFailed(TestInvoker.java:213)
at org.testng.internal.MethodRunner.runInSequence(MethodRunner.java:58)
at org.testng.internal.TestInvoker$MethodInvocationAgent.invoke(TestInvoker.java:824)
at org.testng.internal.TestInvoker.invokeTestMethods(TestInvoker.java:146)
at org.testng.internal.TestMethodWorker.invokeTestMethods(TestMethodWorker.java:146)
at org.testng.internal.TestMethodWorker.run(TestMethodWorker.java:128)
at java.base/java.util.ArrayList.forEach(ArrayList.java:1596)
at org.testng.TestRunner.privateRun(TestRunner.java:794)
at org.testng.TestRunner.run(TestRunner.java:596)
at org.testng.SuiteRunner.runTest(SuiteRunner.java:377)
at org.testng.SuiteRunner.runSequentially(SuiteRunner.java:371)
at org.testng.SuiteRunner.privateRun(SuiteRunner.java:332)
at org.testng.SuiteRunner.run(SuiteRunner.java:276)
at org.testng.SuiteRunnerWorker.runSuite(SuiteRunnerWorker.java:53)
at org.testng.SuiteRunnerWorker.run(SuiteRunnerWorker.java:96)
at org.testng.TestNG.runSuitesSequentially(TestNG.java:1212)
at org.testng.TestNG.runSuitesLocally(TestNG.java:1134)
at org.testng.TestNG.runSuites(TestNG.java:1063)
at org.testng.TestNG.run(TestNG.java:1031)
at org.testng.remote.AbstractRemoteTestNG.run(AbstractRemoteTestNG.java:115)
at org.testng.remote.RemoteTestNG.initAndRun(RemoteTestNG.java:293)
at org.testng.remote.RemoteTestNG.main(RemoteTestNG.java:91)
]]>
            </full-stacktrace>
          </exception> <!-- java.lang.NullPointerException -->
          <reporter-output>
          </reporter-output>
        </test-method> <!-- logincheck -->
        <test-method is-config="true" signature="afterMethod()[pri:0, instance:org.herokuapp.com.tests.OrangeHRMPageTest@3b69e7d1]" started-at="2024-10-24T22:40:20 IST" name="afterMethod" finished-at="2024-10-24T22:40:20 IST" duration-ms="1" status="PASS">
          <reporter-output>
          </reporter-output>
        </test-method> <!-- afterMethod -->
        <test-method signature="logincheck(java.lang.String,java.lang.String)[pri:0, instance:org.herokuapp.com.tests.OrangeHRMPageTest@3b69e7d1]" started-at="2024-10-24T22:40:20 IST" name="logincheck" data-provider="logindata" finished-at="2024-10-24T22:40:20 IST" duration-ms="3" status="FAIL">
          <params>
            <param index="0">
              <value>
                <![CDATA[Admin]]>
              </value>
            </param>
            <param index="1">
              <value>
                <![CDATA[admin123]]>
              </value>
            </param>
          </params>
          <exception class="java.lang.NullPointerException">
            <message>
              <![CDATA[Cannot invoke "org.herokuapp.com.pages.OrangeHRMPage.appLogin(String, String)" because "org.herokuapp.com.tests.OrangeHRMPageTest.Orgpage" is null]]>
            </message>
            <full-stacktrace>
              <![CDATA[java.lang.NullPointerException: Cannot invoke "org.herokuapp.com.pages.OrangeHRMPage.appLogin(String, String)" because "org.herokuapp.com.tests.OrangeHRMPageTest.Orgpage" is null
at org.herokuapp.com.tests.OrangeHRMPageTest.logincheck(OrangeHRMPageTest.java:63)
at java.base/jdk.internal.reflect.DirectMethodHandleAccessor.invoke(DirectMethodHandleAccessor.java:103)
at java.base/java.lang.reflect.Method.invoke(Method.java:580)
at org.testng.internal.MethodInvocationHelper.invokeMethod(MethodInvocationHelper.java:133)
at org.testng.internal.TestInvoker.invokeMethod(TestInvoker.java:598)
at org.testng.internal.TestInvoker.retryFailed(TestInvoker.java:213)
at org.testng.internal.MethodRunner.runInSequence(MethodRunner.java:58)
at org.testng.internal.TestInvoker$MethodInvocationAgent.invoke(TestInvoker.java:824)
at org.testng.internal.TestInvoker.invokeTestMethods(TestInvoker.java:146)
at org.testng.internal.TestMethodWorker.invokeTestMethods(TestMethodWorker.java:146)
at org.testng.internal.TestMethodWorker.run(TestMethodWorker.java:128)
at java.base/java.util.ArrayList.forEach(ArrayList.java:1596)
at org.testng.TestRunner.privateRun(TestRunner.java:794)
at org.testng.TestRunner.run(TestRunner.java:596)
at org.testng.SuiteRunner.runTest(SuiteRunner.java:377)
at org.testng.SuiteRunner.runSequentially(SuiteRunner.java:371)
at org.testng.SuiteRunner.privateRun(SuiteRunner.java:332)
at org.testng.SuiteRunner.run(SuiteRunner.java:276)
at org.testng.SuiteRunnerWorker.runSuite(SuiteRunnerWorker.java:53)
at org.testng.SuiteRunnerWorker.run(SuiteRunnerWorker.java:96)
at org.testng.TestNG.runSuitesSequentially(TestNG.java:1212)
at org.testng.TestNG.runSuitesLocally(TestNG.java:1134)
at org.testng.TestNG.runSuites(TestNG.java:1063)
at org.testng.TestNG.run(TestNG.java:1031)
at org.testng.remote.AbstractRemoteTestNG.run(AbstractRemoteTestNG.java:115)
at org.testng.remote.RemoteTestNG.initAndRun(RemoteTestNG.java:293)
at org.testng.remote.RemoteTestNG.main(RemoteTestNG.java:91)
]]>
            </full-stacktrace>
          </exception> <!-- java.lang.NullPointerException -->
          <reporter-output>
          </reporter-output>
        </test-method> <!-- logincheck -->
        <test-method is-config="true" signature="wrapUp()[pri:0, instance:org.herokuapp.com.tests.OrangeHRMPageTest@3b69e7d1]" started-at="2024-10-24T22:40:20 IST" name="wrapUp" finished-at="2024-10-24T22:40:21 IST" duration-ms="570" status="PASS">
          <reporter-output>
          </reporter-output>
        </test-method> <!-- wrapUp -->
        <test-method is-config="true" signature="afterMethod()[pri:0, instance:org.herokuapp.com.tests.OrangeHRMPageTest@3b69e7d1]" started-at="2024-10-24T22:40:20 IST" name="afterMethod" finished-at="2024-10-24T22:40:20 IST" duration-ms="0" status="PASS">
          <reporter-output>
          </reporter-output>
        </test-method> <!-- afterMethod -->
      </class> <!-- org.herokuapp.com.tests.OrangeHRMPageTest -->
    </test> <!-- 1.HeroKu App Test with Chrome Browser -->
  </suite> <!-- Possitive Case Functional Test -->
</testng-results>
