<?xml version="1.0" encoding="UTF-8"?>
<!-- Generated by org.testng.reporters.JUnitXMLReporter -->
<testsuite ignored="13" hostname="LAPTOP-UMA11IFC" failures="2" tests="4" name="Chrome FunctionalTest" time="7.045" errors="0" timestamp="2024-09-15T00:03:18 IST">
  <testcase classname="org.herokuapp.com.tests.HerokuAppSetTest1" name="addandRemoveElements" time="0.628">
    <skipped/>
  </testcase> <!-- addandRemoveElements -->
  <testcase classname="org.herokuapp.com.tests.HerokuAppSetTest1" name="addandRemoveElements" time="0.511">
    <skipped/>
  </testcase> <!-- addandRemoveElements -->
  <testcase classname="org.herokuapp.com.tests.HerokuAppSetTest1" name="addandRemoveElements" time="0.506">
    <failure type="java.lang.IllegalStateException" message="WebDriver has not been set, Please set WebDriver instance by WebDriverContext.setDriver...">
      <![CDATA[java.lang.IllegalStateException: WebDriver has not been set, Please set WebDriver instance by WebDriverContext.setDriver...
at com.context.WebDriverContext.getDriver(WebDriverContext.java:21)
at com.util.ReportUtil.addScreenShot(ReportUtil.java:37)
at org.herokuapp.com.pages.HerokuAppSet1.addRemoveElements(HerokuAppSet1.java:58)
at org.herokuapp.com.tests.HerokuAppSetTest1.addandRemoveElements(HerokuAppSetTest1.java:56)
at java.base/java.util.ArrayList.forEach(ArrayList.java:1596)
... Removed 25 stack frames]]>
    </failure>
  </testcase> <!-- addandRemoveElements -->
  <testcase classname="org.herokuapp.com.tests.HerokuAppSetTest1" name="addandRemoveElements" time="5.221">
    <failure type="java.lang.IllegalStateException" message="WebDriver has not been set, Please set WebDriver instance by WebDriverContext.setDriver...">
      <![CDATA[java.lang.IllegalStateException: WebDriver has not been set, Please set WebDriver instance by WebDriverContext.setDriver...
at com.context.WebDriverContext.getDriver(WebDriverContext.java:21)
at com.util.ReportUtil.addScreenShot(ReportUtil.java:37)
at com.listeners.ReportListener.onTestFailure(ReportListener.java:40)
at java.base/java.util.ArrayList.forEach(ArrayList.java:1596)
... Removed 24 stack frames]]>
    </failure>
  </testcase> <!-- addandRemoveElements -->
  <testcase classname="org.herokuapp.com.tests.HerokuAppSetTest1" name="alertHandle" time="0.0">
    <ignored/>
  </testcase> <!-- alertHandle -->
  <testcase classname="org.herokuapp.com.tests.HerokuAppSetTest1" name="fileUploadTest1" time="0.0">
    <ignored/>
  </testcase> <!-- fileUploadTest1 -->
  <testcase classname="org.herokuapp.com.tests.HerokuAppSetTest1" name="frameHandlingTest" time="0.0">
    <ignored/>
  </testcase> <!-- frameHandlingTest -->
  <testcase classname="org.herokuapp.com.tests.HerokuAppSetTest1" name="challengingDomTest" time="0.0">
    <ignored/>
  </testcase> <!-- challengingDomTest -->
  <testcase classname="org.herokuapp.com.tests.HerokuAppSetTest1" name="fileUploadTest2" time="0.0">
    <ignored/>
  </testcase> <!-- fileUploadTest2 -->
  <testcase classname="org.herokuapp.com.tests.HerokuAppSetTest1" name="mouseHoverTest" time="0.0">
    <ignored/>
  </testcase> <!-- mouseHoverTest -->
  <testcase classname="org.herokuapp.com.tests.HerokuAppSetTest1" name="dropDownTest" time="0.0">
    <ignored/>
  </testcase> <!-- dropDownTest -->
  <testcase classname="org.herokuapp.com.tests.HerokuAppSetTest1" name="waitHandleTest" time="0.0">
    <ignored/>
  </testcase> <!-- waitHandleTest -->
  <testcase classname="org.herokuapp.com.tests.HerokuAppSetTest1" name="contextMenuTest" time="0.0">
    <ignored/>
  </testcase> <!-- contextMenuTest -->
  <testcase classname="org.herokuapp.com.tests.HerokuAppSetTest1" name="geoLocationTest" time="0.0">
    <ignored/>
  </testcase> <!-- geoLocationTest -->
  <testcase classname="org.herokuapp.com.tests.HerokuAppSetTest1" name="webTable" time="0.0">
    <ignored/>
  </testcase> <!-- webTable -->
  <testcase classname="org.herokuapp.com.tests.HerokuAppSetTest1" name="scrollupdowntest" time="0.0">
    <ignored/>
  </testcase> <!-- scrollupdowntest -->
  <testcase classname="org.herokuapp.com.tests.HerokuAppSetTest1" name="dragandDropTest" time="0.0">
    <ignored/>
  </testcase> <!-- dragandDropTest -->
</testsuite> <!-- Chrome FunctionalTest -->
