<?xml version="1.0" encoding="UTF-8"?>
<!-- Generated by org.testng.reporters.JUnitXMLReporter -->
<testsuite ignored="12" hostname="LAPTOP-UMA11IFC" failures="2" tests="9" name="FunctionalTest" time="187.527" errors="0" timestamp="2024-08-21T21:16:51 IST">
  <testcase classname="org.herokuapp.com.tests.HerokuAppSetTest1" name="addandRemoveElements" time="4.152"/>
  <testcase classname="org.herokuapp.com.tests.HerokuAppSetTest1" name="basicAuthTest" time="0.875">
    <skipped/>
  </testcase> <!-- basicAuthTest -->
  <testcase classname="org.herokuapp.com.tests.HerokuAppSetTest1" name="basicAuthTest" time="0.81">
    <skipped/>
  </testcase> <!-- basicAuthTest -->
  <testcase classname="org.herokuapp.com.tests.HerokuAppSetTest1" name="basicAuthTest" time="0.751">
    <failure type="org.openqa.selenium.UnhandledAlertException" message="Dismissed user prompt dialog: This site is asking you to sign in.: 
Build info: version: &amp;apos;4.23.0&amp;apos;, revision: &amp;apos;4df0a231af&amp;apos;
System info: os.name: &amp;apos;Windows 11&amp;apos;, os.arch: &amp;apos;amd64&amp;apos;, os.version: &amp;apos;10.0&amp;apos;, java.version: &amp;apos;21.0.1&amp;apos;
Driver info: org.openqa.selenium.firefox.FirefoxDriver
Command: [05726b68-5ff6-4dbe-b38e-2b7f0e3ad17b, screenshot {}]
Capabilities {acceptInsecureCerts: true, browserName: firefox, browserVersion: 101.0, moz:accessibilityChecks: false, moz:buildID: 20220526203855, moz:debuggerAddress: localhost:40641, moz:geckodriverVersion: 0.31.0, moz:headless: false, moz:processID: 13820, moz:profile: C:\Users\91999\AppData\Loca..., moz:shutdownTimeout: 60000, moz:useNonSpecCompliantPointerOrigin: false, moz:webdriverClick: true, pageLoadStrategy: normal, platformName: windows, platformVersion: 10.0, proxy: Proxy(), se:cdp: ws://localhost:40641/devtoo..., se:cdpVersion: 85.0, setWindowRect: true, strictFileInteractability: false, timeouts: {implicit: 0, pageLoad: 300000, script: 30000}, unhandledPromptBehavior: dismiss and notify}
Session ID: 05726b68-5ff6-4dbe-b38e-2b7f0e3ad17b">
      <![CDATA[org.openqa.selenium.UnhandledAlertException: Dismissed user prompt dialog: This site is asking you to sign in.: 
Build info: version: '4.23.0', revision: '4df0a231af'
System info: os.name: 'Windows 11', os.arch: 'amd64', os.version: '10.0', java.version: '21.0.1'
Driver info: org.openqa.selenium.firefox.FirefoxDriver
Command: [05726b68-5ff6-4dbe-b38e-2b7f0e3ad17b, screenshot {}]
Capabilities {acceptInsecureCerts: true, browserName: firefox, browserVersion: 101.0, moz:accessibilityChecks: false, moz:buildID: 20220526203855, moz:debuggerAddress: localhost:40641, moz:geckodriverVersion: 0.31.0, moz:headless: false, moz:processID: 13820, moz:profile: C:\Users\91999\AppData\Loca..., moz:shutdownTimeout: 60000, moz:useNonSpecCompliantPointerOrigin: false, moz:webdriverClick: true, pageLoadStrategy: normal, platformName: windows, platformVersion: 10.0, proxy: Proxy(), se:cdp: ws://localhost:40641/devtoo..., se:cdpVersion: 85.0, setWindowRect: true, strictFileInteractability: false, timeouts: {implicit: 0, pageLoad: 300000, script: 30000}, unhandledPromptBehavior: dismiss and notify}
Session ID: 05726b68-5ff6-4dbe-b38e-2b7f0e3ad17b
at org.openqa.selenium.remote.codec.w3c.W3CHttpResponseCodec.decode(W3CHttpResponseCodec.java:136)
at org.openqa.selenium.remote.codec.w3c.W3CHttpResponseCodec.decode(W3CHttpResponseCodec.java:50)
at org.openqa.selenium.remote.HttpCommandExecutor.execute(HttpCommandExecutor.java:190)
at org.openqa.selenium.remote.service.DriverCommandExecutor.invokeExecute(DriverCommandExecutor.java:216)
at org.openqa.selenium.remote.service.DriverCommandExecutor.execute(DriverCommandExecutor.java:174)
at org.openqa.selenium.remote.RemoteWebDriver.execute(RemoteWebDriver.java:527)
at org.openqa.selenium.remote.RemoteWebDriver.execute(RemoteWebDriver.java:600)
at org.openqa.selenium.remote.RemoteWebDriver.execute(RemoteWebDriver.java:604)
at org.openqa.selenium.remote.RemoteWebDriver.getScreenshotAs(RemoteWebDriver.java:323)
at com.util.ReportUtil.addScreenShot(ReportUtil.java:37)
at org.herokuapp.com.pages.HerokuAppSet1.basicAuth(HerokuAppSet1.java:75)
at org.herokuapp.com.tests.HerokuAppSetTest1.basicAuthTest(HerokuAppSetTest1.java:26)
at java.base/java.util.ArrayList.forEach(ArrayList.java:1596)
... Removed 25 stack frames]]>
    </failure>
  </testcase> <!-- basicAuthTest -->
  <testcase classname="org.herokuapp.com.tests.HerokuAppSetTest1" name="brokenImagesTest" time="18.811"/>
  <testcase classname="org.herokuapp.com.tests.HerokuAppSetTest1" name="challengingDomTest" time="0.011">
    <skipped/>
  </testcase> <!-- challengingDomTest -->
  <testcase classname="org.herokuapp.com.tests.HerokuAppSetTest1" name="challengingDomTest" time="0.004">
    <skipped/>
  </testcase> <!-- challengingDomTest -->
  <testcase classname="org.herokuapp.com.tests.HerokuAppSetTest1" name="challengingDomTest" time="0.003">
    <failure type="java.lang.AssertionError" message="expected [false] but found [true]">
      <![CDATA[java.lang.AssertionError: expected [false] but found [true]
at org.herokuapp.com.tests.HerokuAppSetTest1.challengingDomTest(HerokuAppSetTest1.java:38)
at java.base/java.util.ArrayList.forEach(ArrayList.java:1596)
... Removed 31 stack frames]]>
    </failure>
  </testcase> <!-- challengingDomTest -->
  <testcase classname="org.herokuapp.com.tests.HerokuAppSetTest1" name="checkBoxTest" time="1.228"/>
  <testcase classname="org.herokuapp.com.tests.HerokuAppSetTest1" name="alertHandle" time="0.0">
    <ignored/>
  </testcase> <!-- alertHandle -->
  <testcase classname="org.herokuapp.com.tests.HerokuAppSetTest1" name="contextMenuTest" time="0.0">
    <ignored/>
  </testcase> <!-- contextMenuTest -->
  <testcase classname="org.herokuapp.com.tests.HerokuAppSetTest1" name="mouseHoverTest" time="0.0">
    <ignored/>
  </testcase> <!-- mouseHoverTest -->
  <testcase classname="org.herokuapp.com.tests.HerokuAppSetTest1" name="fileUploadTest2" time="0.0">
    <ignored/>
  </testcase> <!-- fileUploadTest2 -->
  <testcase classname="org.herokuapp.com.tests.HerokuAppSetTest1" name="geoLocationTest" time="0.0">
    <ignored/>
  </testcase> <!-- geoLocationTest -->
  <testcase classname="org.herokuapp.com.tests.HerokuAppSetTest1" name="frameHandlingTest" time="0.0">
    <ignored/>
  </testcase> <!-- frameHandlingTest -->
  <testcase classname="org.herokuapp.com.tests.HerokuAppSetTest1" name="dropDownTest" time="0.0">
    <ignored/>
  </testcase> <!-- dropDownTest -->
  <testcase classname="org.herokuapp.com.tests.HerokuAppSetTest1" name="webTable" time="0.0">
    <ignored/>
  </testcase> <!-- webTable -->
  <testcase classname="org.herokuapp.com.tests.HerokuAppSetTest1" name="fileUploadTest1" time="0.0">
    <ignored/>
  </testcase> <!-- fileUploadTest1 -->
  <testcase classname="org.herokuapp.com.tests.HerokuAppSetTest1" name="scrollupdowntest" time="0.0">
    <ignored/>
  </testcase> <!-- scrollupdowntest -->
  <testcase classname="org.herokuapp.com.tests.HerokuAppSetTest1" name="waitHandleTest" time="0.0">
    <ignored/>
  </testcase> <!-- waitHandleTest -->
  <testcase classname="org.herokuapp.com.tests.HerokuAppSetTest1" name="dragandDropTest" time="0.0">
    <ignored/>
  </testcase> <!-- dragandDropTest -->
</testsuite> <!-- FunctionalTest -->
